#
# There is insufficient memory for the Java Runtime Environment to continue.
# Native memory allocation (malloc) failed to allocate 1235376 bytes for Chunk::new
# Possible reasons:
#   The system is out of physical RAM or swap space
#   The process is running with CompressedOops enabled, and the Java Heap may be blocking the growth of the native heap
# Possible solutions:
#   Reduce memory load on the system
#   Increase physical memory or swap space
#   Check if swap backing store is full
#   Decrease Java heap size (-Xmx/-Xms)
#   Decrease number of Java threads
#   Decrease Java thread stack sizes (-Xss)
#   Set larger code cache with -XX:ReservedCodeCacheSize=
#   JVM is running with Unscaled Compressed Oops mode in which the Java heap is
#     placed in the first 4GB address space. The Java Heap base address is the
#     maximum limit for the native heap growth. Please use -XX:HeapBaseMinAddress
#     to set the Java Heap base and to place the Java Heap above 4GB virtual address.
# This output file may be truncated or incomplete.
#
#  Out of Memory Error (./src/hotspot/share/memory/arena.cpp:197), pid=4740, tid=15244
#
# JRE version: OpenJDK Runtime Environment (11.0.13) (build 11.0.13+0-b1751.21-8125866)
# Java VM: OpenJDK 64-Bit Server VM (11.0.13+0-b1751.21-8125866, mixed mode, tiered, compressed oops, g1 gc, windows-amd64)
# No core dump will be written. Minidumps are not enabled by default on client versions of Windows
#

---------------  S U M M A R Y ------------

Command Line: --add-opens=java.base/java.util=ALL-UNNAMED --add-opens=java.base/java.lang=ALL-UNNAMED --add-opens=java.base/java.lang.invoke=ALL-UNNAMED --add-opens=java.base/java.util=ALL-UNNAMED --add-opens=java.prefs/java.util.prefs=ALL-UNNAMED --add-opens=java.prefs/java.util.prefs=ALL-UNNAMED --add-opens=java.base/java.nio.charset=ALL-UNNAMED --add-opens=java.base/java.net=ALL-UNNAMED --add-opens=java.base/java.util.concurrent.atomic=ALL-UNNAMED -Xmx2048m -Dfile.encoding=UTF-8 -Duser.country=US -Duser.language=en -Duser.variant org.gradle.launcher.daemon.bootstrap.GradleDaemon 7.4

Host: Intel(R) Core(TM) i5-10300H CPU @ 2.50GHz, 8 cores, 7G,  Windows 10 , 64 bit Build 19041 (10.0.19041.2251)
Time: Wed Nov 23 01:46:43 2022 GMT Standard Time elapsed time: 2.820020 seconds (0d 0h 0m 2s)

---------------  T H R E A D  ---------------

Current thread (0x00000290d685a800):  JavaThread "C2 CompilerThread0" daemon [_thread_in_native, id=15244, stack(0x000000a945000000,0x000000a945100000)]


Current CompileTask:
C2:   2820 2494   !   4       java.lang.reflect.Executable::declaredAnnotations (85 bytes)

Stack: [0x000000a945000000,0x000000a945100000]
Native frames: (J=compiled Java code, j=interpreted, Vv=VM code, C=native code)
V  [jvm.dll+0x6100fa]
V  [jvm.dll+0x747090]
V  [jvm.dll+0x7486ad]
V  [jvm.dll+0x748d83]
V  [jvm.dll+0x24ab48]
V  [jvm.dll+0xc04dc]
V  [jvm.dll+0xc0a0c]
V  [jvm.dll+0x35eb5b]
V  [jvm.dll+0x32b833]
V  [jvm.dll+0x32ad2a]
V  [jvm.dll+0x2032b2]
V  [jvm.dll+0x202437]
V  [jvm.dll+0x188e01]
V  [jvm.dll+0x21106b]
V  [jvm.dll+0x20f8c1]
V  [jvm.dll+0x70de0f]
V  [jvm.dll+0x706a75]
V  [jvm.dll+0x60ed66]
C  [ucrtbase.dll+0x21bb2]
C  [KERNEL32.DLL+0x174b4]
C  [ntdll.dll+0x526a1]


---------------  P R O C E S S  ---------------

Threads class SMR info:
_java_thread_list=0x00000290d9e45360, length=31, elements={
0x00000290ba3ac800, 0x00000290d6831800, 0x00000290d683f000, 0x00000290d71b2800,
0x00000290d684a800, 0x00000290d684c800, 0x00000290d685a800, 0x00000290d685f000,
0x00000290d6860800, 0x00000290d7302800, 0x00000290d73d5000, 0x00000290da301800,
0x00000290d8ff4000, 0x00000290d91c5800, 0x00000290d83e2000, 0x00000290d90cd000,
0x00000290d9419800, 0x00000290d8b84800, 0x00000290d8f92000, 0x00000290d8835000,
0x00000290d8848800, 0x00000290d9581800, 0x00000290d957f000, 0x00000290d9582800,
0x00000290d9585000, 0x00000290d9584000, 0x00000290d9583000, 0x00000290d9585800,
0x00000290d9580000, 0x00000290d9580800, 0x00000290d9481800
}

Java Threads: ( => current thread )
  0x00000290ba3ac800 JavaThread "main" [_thread_blocked, id=14384, stack(0x000000a944400000,0x000000a944500000)]
  0x00000290d6831800 JavaThread "Reference Handler" daemon [_thread_blocked, id=15304, stack(0x000000a944b00000,0x000000a944c00000)]
  0x00000290d683f000 JavaThread "Finalizer" daemon [_thread_blocked, id=8084, stack(0x000000a944c00000,0x000000a944d00000)]
  0x00000290d71b2800 JavaThread "Signal Dispatcher" daemon [_thread_blocked, id=12412, stack(0x000000a944d00000,0x000000a944e00000)]
  0x00000290d684a800 JavaThread "Attach Listener" daemon [_thread_blocked, id=7652, stack(0x000000a944e00000,0x000000a944f00000)]
  0x00000290d684c800 JavaThread "Service Thread" daemon [_thread_blocked, id=14376, stack(0x000000a944f00000,0x000000a945000000)]
=>0x00000290d685a800 JavaThread "C2 CompilerThread0" daemon [_thread_in_native, id=15244, stack(0x000000a945000000,0x000000a945100000)]
  0x00000290d685f000 JavaThread "C1 CompilerThread0" daemon [_thread_blocked, id=15296, stack(0x000000a945100000,0x000000a945200000)]
  0x00000290d6860800 JavaThread "Sweeper thread" daemon [_thread_blocked, id=14356, stack(0x000000a945200000,0x000000a945300000)]
  0x00000290d7302800 JavaThread "Common-Cleaner" daemon [_thread_blocked, id=15316, stack(0x000000a945300000,0x000000a945400000)]
  0x00000290d73d5000 JavaThread "C2 CompilerThread1" daemon [_thread_blocked, id=15164, stack(0x000000a945500000,0x000000a945600000)]
  0x00000290da301800 JavaThread "Daemon health stats" [_thread_blocked, id=14348, stack(0x000000a945900000,0x000000a945a00000)]
  0x00000290d8ff4000 JavaThread "Incoming local TCP Connector on port 49726" [_thread_in_native, id=15272, stack(0x000000a945a00000,0x000000a945b00000)]
  0x00000290d91c5800 JavaThread "Daemon periodic checks" [_thread_blocked, id=4756, stack(0x000000a945b00000,0x000000a945c00000)]
  0x00000290d83e2000 JavaThread "Daemon" [_thread_blocked, id=1760, stack(0x000000a945c00000,0x000000a945d00000)]
  0x00000290d90cd000 JavaThread "Handler for socket connection from /127.0.0.1:49726 to /127.0.0.1:49727" [_thread_in_native, id=3840, stack(0x000000a945d00000,0x000000a945e00000)]
  0x00000290d9419800 JavaThread "Cancel handler" [_thread_blocked, id=3624, stack(0x000000a945e00000,0x000000a945f00000)]
  0x00000290d8b84800 JavaThread "Daemon worker" [_thread_blocked, id=3092, stack(0x000000a945f00000,0x000000a946000000)]
  0x00000290d8f92000 JavaThread "Asynchronous log dispatcher for DefaultDaemonConnection: socket connection from /127.0.0.1:49726 to /127.0.0.1:49727" [_thread_blocked, id=15076, stack(0x000000a946000000,0x000000a946100000)]
  0x00000290d8835000 JavaThread "Stdin handler" [_thread_blocked, id=2788, stack(0x000000a946100000,0x000000a946200000)]
  0x00000290d8848800 JavaThread "Daemon client event forwarder" [_thread_blocked, id=15228, stack(0x000000a946200000,0x000000a946300000)]
  0x00000290d9581800 JavaThread "Cache worker for journal cache (C:\Users\MOAD\.gradle\caches\journal-1)" [_thread_blocked, id=14756, stack(0x000000a946800000,0x000000a946900000)]
  0x00000290d957f000 JavaThread "File lock request listener" [_thread_in_native, id=14736, stack(0x000000a946900000,0x000000a946a00000)]
  0x00000290d9582800 JavaThread "Cache worker for file hash cache (C:\Users\MOAD\.gradle\caches\7.4\fileHashes)" [_thread_blocked, id=15224, stack(0x000000a946a00000,0x000000a946b00000)]
  0x00000290d9585000 JavaThread "File watcher server" daemon [_thread_in_native, id=1436, stack(0x000000a946c00000,0x000000a946d00000)]
  0x00000290d9584000 JavaThread "File watcher consumer" daemon [_thread_blocked, id=1408, stack(0x000000a946d00000,0x000000a946e00000)]
  0x00000290d9583000 JavaThread "Cache worker for checksums cache (C:\Users\MOAD\AndroidStudioProjects\newFirebase\.gradle\7.4\checksums)" [_thread_blocked, id=2476, stack(0x000000a946e00000,0x000000a946f00000)]
  0x00000290d9585800 JavaThread "Cache worker for cache directory md-rule (C:\Users\MOAD\.gradle\caches\7.4\md-rule)" [_thread_blocked, id=2516, stack(0x000000a946f00000,0x000000a947000000)]
  0x00000290d9580000 JavaThread "Cache worker for file hash cache (C:\Users\MOAD\AndroidStudioProjects\newFirebase\.gradle\7.4\fileHashes)" [_thread_blocked, id=2308, stack(0x000000a947000000,0x000000a947100000)]
  0x00000290d9580800 JavaThread "Cache worker for cache directory md-supplier (C:\Users\MOAD\.gradle\caches\7.4\md-supplier)" [_thread_blocked, id=2120, stack(0x000000a947100000,0x000000a947200000)]
  0x00000290d9481800 JavaThread "Cache worker for execution history cache (C:\Users\MOAD\.gradle\caches\7.4\executionHistory)" [_thread_blocked, id=2300, stack(0x000000a947200000,0x000000a947300000)]

Other Threads:
  0x00000290d682f800 VMThread "VM Thread" [stack: 0x000000a944a00000,0x000000a944b00000] [id=15312]
  0x00000290d731b800 WatcherThread [stack: 0x000000a945400000,0x000000a945500000] [id=4580]
  0x00000290ba3c6800 GCTaskThread "GC Thread#0" [stack: 0x000000a944500000,0x000000a944600000] [id=12200]
  0x00000290d86fb800 GCTaskThread "GC Thread#1" [stack: 0x000000a945700000,0x000000a945800000] [id=14216]
  0x00000290d77f7000 GCTaskThread "GC Thread#2" [stack: 0x000000a945800000,0x000000a945900000] [id=4036]
  0x00000290d898d800 GCTaskThread "GC Thread#3" [stack: 0x000000a946300000,0x000000a946400000] [id=15204]
  0x00000290d9158800 GCTaskThread "GC Thread#4" [stack: 0x000000a946400000,0x000000a946500000] [id=15220]
  0x00000290d8687000 GCTaskThread "GC Thread#5" [stack: 0x000000a946500000,0x000000a946600000] [id=15212]
  0x00000290d8687800 GCTaskThread "GC Thread#6" [stack: 0x000000a946600000,0x000000a946700000] [id=15168]
  0x00000290d9017000 GCTaskThread "GC Thread#7" [stack: 0x000000a946700000,0x000000a946800000] [id=14876]
  0x00000290ba3f8000 ConcurrentGCThread "G1 Main Marker" [stack: 0x000000a944600000,0x000000a944700000] [id=4760]
  0x00000290ba3fa000 ConcurrentGCThread "G1 Conc#0" [stack: 0x000000a944700000,0x000000a944800000] [id=6616]
  0x00000290d9119000 ConcurrentGCThread "G1 Conc#1" [stack: 0x000000a946b00000,0x000000a946c00000] [id=11872]
  0x00000290d6680800 ConcurrentGCThread "G1 Refine#0" [stack: 0x000000a944800000,0x000000a944900000] [id=15280]
  0x00000290d6681800 ConcurrentGCThread "G1 Young RemSet Sampling" [stack: 0x000000a944900000,0x000000a944a00000] [id=8600]

Threads with active compile tasks:
C2 CompilerThread0   2846 2494   !   4       java.lang.reflect.Executable::declaredAnnotations (85 bytes)
C2 CompilerThread1   2846 2529       4       java.io.DataInputStream::readUTF (501 bytes)

VM state:at safepoint (normal execution)

VM Mutex/Monitor currently owned by a thread:  ([mutex/lock_event])
[0x00000290ba3a9be0] Threads_lock - owner thread: 0x00000290d682f800
[0x00000290ba3a89e0] Heap_lock - owner thread: 0x00000290d8b84800

Heap address: 0x0000000080000000, size: 2048 MB, Compressed Oops mode: 32-bit
Narrow klass base: 0x0000000000000000, Narrow klass shift: 3
Compressed class space size: 1073741824 Address: 0x0000000100000000

Heap:
 garbage-first heap   total 129024K, used 63600K [0x0000000080000000, 0x0000000100000000)
  region size 1024K, 45 young (46080K), 2 survivors (2048K)
 Metaspace       used 31373K, capacity 32021K, committed 32128K, reserved 1083392K
  class space    used 4157K, capacity 4414K, committed 4480K, reserved 1048576K
Heap Regions: E=young(eden), S=young(survivor), O=old, HS=humongous(starts), HC=humongous(continues), CS=collection set, F=free, A=archive, TAMS=top-at-mark-start (previous, next)
|   0|0x0000000080000000, 0x0000000080100000, 0x0000000080100000|100%| O|  |TAMS 0x0000000080100000, 0x0000000080100000| Untracked 
|   1|0x0000000080100000, 0x0000000080200000, 0x0000000080200000|100%| O|  |TAMS 0x0000000080200000, 0x0000000080200000| Untracked 
|   2|0x0000000080200000, 0x0000000080300000, 0x0000000080300000|100%| O|  |TAMS 0x0000000080300000, 0x0000000080300000| Untracked 
|   3|0x0000000080300000, 0x0000000080400000, 0x0000000080400000|100%|HS|  |TAMS 0x0000000080400000, 0x0000000080400000| Complete 
|   4|0x0000000080400000, 0x0000000080500000, 0x0000000080500000|100%|HC|  |TAMS 0x0000000080500000, 0x0000000080500000| Complete 
|   5|0x0000000080500000, 0x0000000080600000, 0x0000000080600000|100%|HC|  |TAMS 0x0000000080600000, 0x0000000080600000| Complete 
|   6|0x0000000080600000, 0x0000000080700000, 0x0000000080700000|100%| O|  |TAMS 0x0000000080700000, 0x0000000080700000| Untracked 
|   7|0x0000000080700000, 0x0000000080800000, 0x0000000080800000|100%| O|  |TAMS 0x0000000080800000, 0x0000000080800000| Untracked 
|   8|0x0000000080800000, 0x0000000080900000, 0x0000000080900000|100%| O|  |TAMS 0x0000000080900000, 0x0000000080900000| Untracked 
|   9|0x0000000080900000, 0x0000000080a00000, 0x0000000080a00000|100%| O|  |TAMS 0x0000000080a00000, 0x0000000080a00000| Untracked 
|  10|0x0000000080a00000, 0x0000000080b00000, 0x0000000080b00000|100%| O|  |TAMS 0x0000000080b00000, 0x0000000080b00000| Untracked 
|  11|0x0000000080b00000, 0x0000000080c00000, 0x0000000080c00000|100%| O|  |TAMS 0x0000000080c00000, 0x0000000080c00000| Untracked 
|  12|0x0000000080c00000, 0x0000000080d00000, 0x0000000080d00000|100%| O|  |TAMS 0x0000000080d00000, 0x0000000080d00000| Untracked 
|  13|0x0000000080d00000, 0x0000000080e00000, 0x0000000080e00000|100%| O|  |TAMS 0x0000000080e00000, 0x0000000080e00000| Untracked 
|  14|0x0000000080e00000, 0x0000000080f00000, 0x0000000080f00000|100%| O|  |TAMS 0x0000000080f00000, 0x0000000080f00000| Untracked 
|  15|0x0000000080f00000, 0x0000000080fe8400, 0x0000000081000000| 90%| O|  |TAMS 0x0000000080fe8400, 0x0000000081000000| Untracked 
|  16|0x0000000081000000, 0x0000000081000000, 0x0000000081100000|  0%| F|  |TAMS 0x0000000081000000, 0x0000000081000000| Untracked 
|  17|0x0000000081100000, 0x0000000081100000, 0x0000000081200000|  0%| F|  |TAMS 0x0000000081100000, 0x0000000081100000| Untracked 
|  18|0x0000000081200000, 0x0000000081200000, 0x0000000081300000|  0%| F|  |TAMS 0x0000000081200000, 0x0000000081200000| Untracked 
|  19|0x0000000081300000, 0x0000000081300000, 0x0000000081400000|  0%| F|  |TAMS 0x0000000081300000, 0x0000000081300000| Untracked 
|  20|0x0000000081400000, 0x0000000081400000, 0x0000000081500000|  0%| F|  |TAMS 0x0000000081400000, 0x0000000081400000| Untracked 
|  21|0x0000000081500000, 0x0000000081500000, 0x0000000081600000|  0%| F|  |TAMS 0x0000000081500000, 0x0000000081500000| Untracked 
|  22|0x0000000081600000, 0x0000000081600000, 0x0000000081700000|  0%| F|  |TAMS 0x0000000081600000, 0x0000000081600000| Untracked 
|  23|0x0000000081700000, 0x0000000081700000, 0x0000000081800000|  0%| F|  |TAMS 0x0000000081700000, 0x0000000081700000| Untracked 
|  24|0x0000000081800000, 0x0000000081800000, 0x0000000081900000|  0%| F|  |TAMS 0x0000000081800000, 0x0000000081800000| Untracked 
|  25|0x0000000081900000, 0x0000000081900000, 0x0000000081a00000|  0%| F|  |TAMS 0x0000000081900000, 0x0000000081900000| Untracked 
|  26|0x0000000081a00000, 0x0000000081a00000, 0x0000000081b00000|  0%| F|  |TAMS 0x0000000081a00000, 0x0000000081a00000| Untracked 
|  27|0x0000000081b00000, 0x0000000081b00000, 0x0000000081c00000|  0%| F|  |TAMS 0x0000000081b00000, 0x0000000081b00000| Untracked 
|  28|0x0000000081c00000, 0x0000000081c00000, 0x0000000081d00000|  0%| F|  |TAMS 0x0000000081c00000, 0x0000000081c00000| Untracked 
|  29|0x0000000081d00000, 0x0000000081d00000, 0x0000000081e00000|  0%| F|  |TAMS 0x0000000081d00000, 0x0000000081d00000| Untracked 
|  30|0x0000000081e00000, 0x0000000081e00000, 0x0000000081f00000|  0%| F|  |TAMS 0x0000000081e00000, 0x0000000081e00000| Untracked 
|  31|0x0000000081f00000, 0x0000000081f00000, 0x0000000082000000|  0%| F|  |TAMS 0x0000000081f00000, 0x0000000081f00000| Untracked 
|  32|0x0000000082000000, 0x0000000082000000, 0x0000000082100000|  0%| F|  |TAMS 0x0000000082000000, 0x0000000082000000| Untracked 
|  33|0x0000000082100000, 0x0000000082100000, 0x0000000082200000|  0%| F|  |TAMS 0x0000000082100000, 0x0000000082100000| Untracked 
|  34|0x0000000082200000, 0x0000000082200000, 0x0000000082300000|  0%| F|  |TAMS 0x0000000082200000, 0x0000000082200000| Untracked 
|  35|0x0000000082300000, 0x0000000082300000, 0x0000000082400000|  0%| F|  |TAMS 0x0000000082300000, 0x0000000082300000| Untracked 
|  36|0x0000000082400000, 0x0000000082400000, 0x0000000082500000|  0%| F|  |TAMS 0x0000000082400000, 0x0000000082400000| Untracked 
|  37|0x0000000082500000, 0x0000000082500000, 0x0000000082600000|  0%| F|  |TAMS 0x0000000082500000, 0x0000000082500000| Untracked 
|  38|0x0000000082600000, 0x0000000082600000, 0x0000000082700000|  0%| F|  |TAMS 0x0000000082600000, 0x0000000082600000| Untracked 
|  39|0x0000000082700000, 0x0000000082700000, 0x0000000082800000|  0%| F|  |TAMS 0x0000000082700000, 0x0000000082700000| Untracked 
|  40|0x0000000082800000, 0x0000000082800000, 0x0000000082900000|  0%| F|  |TAMS 0x0000000082800000, 0x0000000082800000| Untracked 
|  41|0x0000000082900000, 0x0000000082900000, 0x0000000082a00000|  0%| F|  |TAMS 0x0000000082900000, 0x0000000082900000| Untracked 
|  42|0x0000000082a00000, 0x0000000082a00000, 0x0000000082b00000|  0%| F|  |TAMS 0x0000000082a00000, 0x0000000082a00000| Untracked 
|  43|0x0000000082b00000, 0x0000000082b00000, 0x0000000082c00000|  0%| F|  |TAMS 0x0000000082b00000, 0x0000000082b00000| Untracked 
|  44|0x0000000082c00000, 0x0000000082c00000, 0x0000000082d00000|  0%| F|  |TAMS 0x0000000082c00000, 0x0000000082c00000| Untracked 
|  45|0x0000000082d00000, 0x0000000082d00000, 0x0000000082e00000|  0%| F|  |TAMS 0x0000000082d00000, 0x0000000082d00000| Untracked 
|  46|0x0000000082e00000, 0x0000000082e00000, 0x0000000082f00000|  0%| F|  |TAMS 0x0000000082e00000, 0x0000000082e00000| Untracked 
|  47|0x0000000082f00000, 0x0000000082f00000, 0x0000000083000000|  0%| F|  |TAMS 0x0000000082f00000, 0x0000000082f00000| Untracked 
|  48|0x0000000083000000, 0x0000000083000000, 0x0000000083100000|  0%| F|  |TAMS 0x0000000083000000, 0x0000000083000000| Untracked 
|  49|0x0000000083100000, 0x0000000083100000, 0x0000000083200000|  0%| F|  |TAMS 0x0000000083100000, 0x0000000083100000| Untracked 
|  50|0x0000000083200000, 0x0000000083200000, 0x0000000083300000|  0%| F|  |TAMS 0x0000000083200000, 0x0000000083200000| Untracked 
|  51|0x0000000083300000, 0x0000000083300000, 0x0000000083400000|  0%| F|  |TAMS 0x0000000083300000, 0x0000000083300000| Untracked 
|  52|0x0000000083400000, 0x0000000083400000, 0x0000000083500000|  0%| F|  |TAMS 0x0000000083400000, 0x0000000083400000| Untracked 
|  53|0x0000000083500000, 0x0000000083500000, 0x0000000083600000|  0%| F|  |TAMS 0x0000000083500000, 0x0000000083500000| Untracked 
|  54|0x0000000083600000, 0x0000000083600000, 0x0000000083700000|  0%| F|  |TAMS 0x0000000083600000, 0x0000000083600000| Untracked 
|  55|0x0000000083700000, 0x0000000083700000, 0x0000000083800000|  0%| F|  |TAMS 0x0000000083700000, 0x0000000083700000| Untracked 
|  56|0x0000000083800000, 0x0000000083800000, 0x0000000083900000|  0%| F|  |TAMS 0x0000000083800000, 0x0000000083800000| Untracked 
|  57|0x0000000083900000, 0x0000000083900000, 0x0000000083a00000|  0%| F|  |TAMS 0x0000000083900000, 0x0000000083900000| Untracked 
|  58|0x0000000083a00000, 0x0000000083a00000, 0x0000000083b00000|  0%| F|  |TAMS 0x0000000083a00000, 0x0000000083a00000| Untracked 
|  59|0x0000000083b00000, 0x0000000083b00000, 0x0000000083c00000|  0%| F|  |TAMS 0x0000000083b00000, 0x0000000083b00000| Untracked 
|  60|0x0000000083c00000, 0x0000000083c00000, 0x0000000083d00000|  0%| F|  |TAMS 0x0000000083c00000, 0x0000000083c00000| Untracked 
|  61|0x0000000083d00000, 0x0000000083d33ea0, 0x0000000083e00000| 20%| E|CS|TAMS 0x0000000083d00000, 0x0000000083d33ea0| Complete 
|  62|0x0000000083e00000, 0x0000000083f00000, 0x0000000083f00000|100%| E|CS|TAMS 0x0000000083e00000, 0x0000000083f00000| Complete 
|  63|0x0000000083f00000, 0x0000000084000000, 0x0000000084000000|100%| E|CS|TAMS 0x0000000083f00000, 0x0000000084000000| Complete 
|  64|0x0000000084000000, 0x0000000084100000, 0x0000000084100000|100%| E|CS|TAMS 0x0000000084000000, 0x0000000084100000| Complete 
|  65|0x0000000084100000, 0x0000000084100000, 0x0000000084200000|  0%| F|  |TAMS 0x0000000084100000, 0x0000000084100000| Untracked 
|  66|0x0000000084200000, 0x0000000084200000, 0x0000000084300000|  0%| F|  |TAMS 0x0000000084200000, 0x0000000084200000| Untracked 
|  67|0x0000000084300000, 0x0000000084300000, 0x0000000084400000|  0%| F|  |TAMS 0x0000000084300000, 0x0000000084300000| Untracked 
|  68|0x0000000084400000, 0x0000000084400000, 0x0000000084500000|  0%| F|  |TAMS 0x0000000084400000, 0x0000000084400000| Untracked 
|  69|0x0000000084500000, 0x0000000084500000, 0x0000000084600000|  0%| F|  |TAMS 0x0000000084500000, 0x0000000084500000| Untracked 
|  70|0x0000000084600000, 0x0000000084600000, 0x0000000084700000|  0%| F|  |TAMS 0x0000000084600000, 0x0000000084600000| Untracked 
|  71|0x0000000084700000, 0x0000000084700000, 0x0000000084800000|  0%| F|  |TAMS 0x0000000084700000, 0x0000000084700000| Untracked 
|  72|0x0000000084800000, 0x0000000084800000, 0x0000000084900000|  0%| F|  |TAMS 0x0000000084800000, 0x0000000084800000| Untracked 
|  73|0x0000000084900000, 0x0000000084900000, 0x0000000084a00000|  0%| F|  |TAMS 0x0000000084900000, 0x0000000084900000| Untracked 
|  74|0x0000000084a00000, 0x0000000084a00000, 0x0000000084b00000|  0%| F|  |TAMS 0x0000000084a00000, 0x0000000084a00000| Untracked 
|  75|0x0000000084b00000, 0x0000000084b00000, 0x0000000084c00000|  0%| F|  |TAMS 0x0000000084b00000, 0x0000000084b00000| Untracked 
|  76|0x0000000084c00000, 0x0000000084c00000, 0x0000000084d00000|  0%| F|  |TAMS 0x0000000084c00000, 0x0000000084c00000| Untracked 
|  77|0x0000000084d00000, 0x0000000084d00000, 0x0000000084e00000|  0%| F|  |TAMS 0x0000000084d00000, 0x0000000084d00000| Untracked 
|  78|0x0000000084e00000, 0x0000000084e00000, 0x0000000084f00000|  0%| F|  |TAMS 0x0000000084e00000, 0x0000000084e00000| Untracked 
|  79|0x0000000084f00000, 0x0000000084f00000, 0x0000000085000000|  0%| F|  |TAMS 0x0000000084f00000, 0x0000000084f00000| Untracked 
|  80|0x0000000085000000, 0x0000000085000000, 0x0000000085100000|  0%| F|  |TAMS 0x0000000085000000, 0x0000000085000000| Untracked 
|  81|0x0000000085100000, 0x00000000851b5e30, 0x0000000085200000| 71%| S|  |TAMS 0x0000000085100000, 0x0000000085100000| Complete 
|  82|0x0000000085200000, 0x0000000085300000, 0x0000000085300000|100%| S|  |TAMS 0x0000000085200000, 0x0000000085200000| Complete 
|  83|0x0000000085300000, 0x0000000085400000, 0x0000000085400000|100%| E|CS|TAMS 0x0000000085300000, 0x0000000085400000| Complete 
|  84|0x0000000085400000, 0x0000000085500000, 0x0000000085500000|100%| E|CS|TAMS 0x0000000085400000, 0x0000000085500000| Complete 
|  85|0x0000000085500000, 0x0000000085600000, 0x0000000085600000|100%| E|CS|TAMS 0x0000000085500000, 0x0000000085600000| Complete 
|  86|0x0000000085600000, 0x0000000085700000, 0x0000000085700000|100%| E|CS|TAMS 0x0000000085600000, 0x0000000085700000| Complete 
|  87|0x0000000085700000, 0x0000000085800000, 0x0000000085800000|100%| E|CS|TAMS 0x0000000085700000, 0x0000000085800000| Complete 
|  88|0x0000000085800000, 0x0000000085900000, 0x0000000085900000|100%| E|CS|TAMS 0x0000000085800000, 0x0000000085900000| Complete 
|  89|0x0000000085900000, 0x0000000085a00000, 0x0000000085a00000|100%| E|CS|TAMS 0x0000000085900000, 0x0000000085a00000| Complete 
|  90|0x0000000085a00000, 0x0000000085b00000, 0x0000000085b00000|100%| E|CS|TAMS 0x0000000085a00000, 0x0000000085b00000| Complete 
|  91|0x0000000085b00000, 0x0000000085c00000, 0x0000000085c00000|100%| E|CS|TAMS 0x0000000085b00000, 0x0000000085c00000| Complete 
|  92|0x0000000085c00000, 0x0000000085d00000, 0x0000000085d00000|100%| E|CS|TAMS 0x0000000085c00000, 0x0000000085d00000| Complete 
|  93|0x0000000085d00000, 0x0000000085e00000, 0x0000000085e00000|100%| E|CS|TAMS 0x0000000085d00000, 0x0000000085e00000| Complete 
|  94|0x0000000085e00000, 0x0000000085f00000, 0x0000000085f00000|100%| E|CS|TAMS 0x0000000085e00000, 0x0000000085f00000| Complete 
|  95|0x0000000085f00000, 0x0000000086000000, 0x0000000086000000|100%| E|CS|TAMS 0x0000000085f00000, 0x0000000086000000| Complete 
|  96|0x0000000086000000, 0x0000000086100000, 0x0000000086100000|100%| E|CS|TAMS 0x0000000086000000, 0x0000000086100000| Complete 
|  97|0x0000000086100000, 0x0000000086200000, 0x0000000086200000|100%| E|CS|TAMS 0x0000000086100000, 0x0000000086200000| Complete 
|  98|0x0000000086200000, 0x0000000086300000, 0x0000000086300000|100%| E|CS|TAMS 0x0000000086200000, 0x0000000086300000| Complete 
|  99|0x0000000086300000, 0x0000000086400000, 0x0000000086400000|100%| E|CS|TAMS 0x0000000086300000, 0x0000000086400000| Complete 
| 100|0x0000000086400000, 0x0000000086500000, 0x0000000086500000|100%| E|CS|TAMS 0x0000000086400000, 0x0000000086500000| Complete 
| 101|0x0000000086500000, 0x0000000086600000, 0x0000000086600000|100%| E|CS|TAMS 0x0000000086500000, 0x0000000086600000| Complete 
| 102|0x0000000086600000, 0x0000000086700000, 0x0000000086700000|100%| E|CS|TAMS 0x0000000086600000, 0x0000000086700000| Complete 
| 103|0x0000000086700000, 0x0000000086800000, 0x0000000086800000|100%| E|CS|TAMS 0x0000000086700000, 0x0000000086800000| Complete 
| 104|0x0000000086800000, 0x0000000086900000, 0x0000000086900000|100%| E|CS|TAMS 0x0000000086800000, 0x0000000086900000| Complete 
| 105|0x0000000086900000, 0x0000000086a00000, 0x0000000086a00000|100%| E|CS|TAMS 0x0000000086900000, 0x0000000086a00000| Complete 
| 106|0x0000000086a00000, 0x0000000086b00000, 0x0000000086b00000|100%| E|CS|TAMS 0x0000000086a00000, 0x0000000086b00000| Complete 
| 107|0x0000000086b00000, 0x0000000086c00000, 0x0000000086c00000|100%| E|CS|TAMS 0x0000000086b00000, 0x0000000086c00000| Complete 
| 108|0x0000000086c00000, 0x0000000086d00000, 0x0000000086d00000|100%| E|CS|TAMS 0x0000000086c00000, 0x0000000086d00000| Complete 
| 109|0x0000000086d00000, 0x0000000086e00000, 0x0000000086e00000|100%| E|CS|TAMS 0x0000000086d00000, 0x0000000086e00000| Complete 
| 110|0x0000000086e00000, 0x0000000086f00000, 0x0000000086f00000|100%| E|CS|TAMS 0x0000000086e00000, 0x0000000086f00000| Complete 
| 111|0x0000000086f00000, 0x0000000087000000, 0x0000000087000000|100%| E|CS|TAMS 0x0000000086f00000, 0x0000000087000000| Complete 
| 112|0x0000000087000000, 0x0000000087100000, 0x0000000087100000|100%| E|CS|TAMS 0x0000000087000000, 0x0000000087100000| Complete 
| 113|0x0000000087100000, 0x0000000087200000, 0x0000000087200000|100%| E|CS|TAMS 0x0000000087100000, 0x0000000087200000| Complete 
| 114|0x0000000087200000, 0x0000000087300000, 0x0000000087300000|100%| E|CS|TAMS 0x0000000087200000, 0x0000000087300000| Complete 
| 115|0x0000000087300000, 0x0000000087400000, 0x0000000087400000|100%| E|CS|TAMS 0x0000000087300000, 0x0000000087400000| Complete 
| 116|0x0000000087400000, 0x0000000087500000, 0x0000000087500000|100%| E|CS|TAMS 0x0000000087400000, 0x0000000087500000| Complete 
| 117|0x0000000087500000, 0x0000000087600000, 0x0000000087600000|100%| E|CS|TAMS 0x0000000087500000, 0x0000000087600000| Complete 
| 118|0x0000000087600000, 0x0000000087700000, 0x0000000087700000|100%| E|CS|TAMS 0x0000000087600000, 0x0000000087700000| Complete 
| 119|0x0000000087700000, 0x0000000087800000, 0x0000000087800000|100%| E|CS|TAMS 0x0000000087700000, 0x0000000087800000| Complete 
| 120|0x0000000087800000, 0x0000000087900000, 0x0000000087900000|100%| E|CS|TAMS 0x0000000087800000, 0x0000000087900000| Complete 
| 121|0x0000000087900000, 0x0000000087a00000, 0x0000000087a00000|100%| E|CS|TAMS 0x0000000087900000, 0x0000000087a00000| Complete 
| 122|0x0000000087a00000, 0x0000000087b00000, 0x0000000087b00000|100%| E|CS|TAMS 0x0000000087a00000, 0x0000000087b00000| Complete 
| 123|0x0000000087b00000, 0x0000000087c00000, 0x0000000087c00000|100%| E|CS|TAMS 0x0000000087b00000, 0x0000000087c00000| Complete 
| 124|0x0000000087c00000, 0x0000000087d00000, 0x0000000087d00000|100%| E|CS|TAMS 0x0000000087c00000, 0x0000000087d00000| Complete 
| 125|0x0000000087d00000, 0x0000000087e00000, 0x0000000087e00000|100%| E|CS|TAMS 0x0000000087d00000, 0x0000000087e00000| Complete 

Card table byte_map: [0x00000290cf560000,0x00000290cf960000] _byte_map_base: 0x00000290cf160000

Marking Bits (Prev, Next): (CMBitMap*) 0x00000290ba3eeff0, (CMBitMap*) 0x00000290ba3eefb8
 Prev Bits: [0x00000290d1d60000, 0x00000290d3d60000)
 Next Bits: [0x00000290cfd60000, 0x00000290d1d60000)

Polling page: 0x00000290ba280000

Metaspace:

Usage:
  Non-class:     26.96 MB capacity,    26.58 MB ( 99%) used,   326.72 KB (  1%) free+waste,    63.63 KB ( <1%) overhead. 
      Class:      4.31 MB capacity,     4.06 MB ( 94%) used,   225.23 KB (  5%) free+waste,    31.69 KB ( <1%) overhead. 
       Both:     31.27 MB capacity,    30.64 MB ( 98%) used,   551.95 KB (  2%) free+waste,    95.31 KB ( <1%) overhead. 

Virtual space:
  Non-class space:       34.00 MB reserved,      27.00 MB ( 79%) committed 
      Class space:        1.00 GB reserved,       4.38 MB ( <1%) committed 
             Both:        1.03 GB reserved,      31.38 MB (  3%) committed 

Chunk freelists:
   Non-Class:  41.00 KB
       Class:  2.00 KB
        Both:  43.00 KB

MaxMetaspaceSize: 17179869184.00 GB
CompressedClassSpaceSize: 1.00 GB
Initial GC threshold: 20.80 MB
Current GC threshold: 35.20 MB
CDS: off

CodeHeap 'non-profiled nmethods': size=120000Kb used=1427Kb max_used=1427Kb free=118572Kb
 bounds [0x00000290c71c0000, 0x00000290c7430000, 0x00000290ce6f0000]
CodeHeap 'profiled nmethods': size=120000Kb used=5391Kb max_used=5391Kb free=114608Kb
 bounds [0x00000290bfc90000, 0x00000290c01e0000, 0x00000290c71c0000]
CodeHeap 'non-nmethods': size=5760Kb used=1229Kb max_used=1280Kb free=4530Kb
 bounds [0x00000290bf6f0000, 0x00000290bf960000, 0x00000290bfc90000]
 total_blobs=3034 nmethods=2526 adapters=420
 compilation: enabled
              stopped_count=0, restarted_count=0
 full_count=0

Compilation events (20 events):
Event: 2.730 Thread 0x00000290d685f000 2509       3       org.gradle.internal.reflect.PropertyAccessorType::propertyNameFor (9 bytes)
Event: 2.730 Thread 0x00000290d685f000 nmethod 2509 0x00000290c01cef90 code [0x00000290c01cf160, 0x00000290c01cf3d8]
Event: 2.730 Thread 0x00000290d685f000 2513       3       java.util.TreeMap$PrivateEntryIterator::nextEntry (54 bytes)
Event: 2.730 Thread 0x00000290d685f000 nmethod 2513 0x00000290c01cf510 code [0x00000290c01cf700, 0x00000290c01cfb28]
Event: 2.730 Thread 0x00000290d685f000 2511       3       java.util.TreeMap$ValueIterator::next (8 bytes)
Event: 2.730 Thread 0x00000290d685f000 nmethod 2511 0x00000290c01cfc90 code [0x00000290c01cfe40, 0x00000290c01cff68]
Event: 2.730 Thread 0x00000290d685f000 2512       3       java.lang.reflect.Method::getGenericReturnType (20 bytes)
Event: 2.731 Thread 0x00000290d685f000 nmethod 2512 0x00000290c01d0010 code [0x00000290c01d02c0, 0x00000290c01d1358]
Event: 2.731 Thread 0x00000290d685f000 2516       1       org.gradle.internal.instantiation.generator.AbstractClassGenerator$ClassGenerationHandler::claimPropertyImplementation (2 bytes)
Event: 2.731 Thread 0x00000290d685f000 nmethod 2516 0x00000290c7323310 code [0x00000290c73234c0, 0x00000290c7323578]
Event: 2.731 Thread 0x00000290d685f000 2517       1       org.gradle.internal.instantiation.generator.AbstractClassGenerator$PropertyMetadata::getMainGetter (5 bytes)
Event: 2.731 Thread 0x00000290d685f000 nmethod 2517 0x00000290c7323610 code [0x00000290c73237c0, 0x00000290c7323878]
Event: 2.731 Thread 0x00000290d685f000 2518       1       org.gradle.internal.instantiation.generator.AbstractClassGenerator$PropertyMetadata::access$600 (5 bytes)
Event: 2.731 Thread 0x00000290d685f000 nmethod 2518 0x00000290c7323910 code [0x00000290c7323ac0, 0x00000290c7323b58]
Event: 2.731 Thread 0x00000290d685f000 2522       1       org.gradle.internal.instantiation.generator.AbstractClassGenerator$PropertyMetadata::getOverridableSetters (5 bytes)
Event: 2.731 Thread 0x00000290d685f000 nmethod 2522 0x00000290c7323c10 code [0x00000290c7323dc0, 0x00000290c7323e78]
Event: 2.731 Thread 0x00000290d685f000 2523       3       org.gradle.internal.service.RelevantMethods::toServiceMethodList (61 bytes)
Event: 2.732 Thread 0x00000290d685f000 nmethod 2523 0x00000290c01d1890 code [0x00000290c01d1b20, 0x00000290c01d2798]
Event: 2.733 Thread 0x00000290d685f000 2524       3       java.util.Collections::emptyMap (4 bytes)
Event: 2.734 Thread 0x00000290d685f000 nmethod 2524 0x00000290c01d2c10 code [0x00000290c01d2dc0, 0x00000290c01d2eb8]

GC Heap History (8 events):
Event: 0.478 GC heap before
{Heap before GC invocations=0 (full 0):
 garbage-first heap   total 129024K, used 29696K [0x0000000080000000, 0x0000000100000000)
  region size 1024K, 24 young (24576K), 0 survivors (0K)
 Metaspace       used 9830K, capacity 10054K, committed 10112K, reserved 1058816K
  class space    used 1010K, capacity 1102K, committed 1152K, reserved 1048576K
}
Event: 0.482 GC heap after
{Heap after GC invocations=1 (full 0):
 garbage-first heap   total 129024K, used 9428K [0x0000000080000000, 0x0000000100000000)
  region size 1024K, 3 young (3072K), 3 survivors (3072K)
 Metaspace       used 9830K, capacity 10054K, committed 10112K, reserved 1058816K
  class space    used 1010K, capacity 1102K, committed 1152K, reserved 1048576K
}
Event: 1.474 GC heap before
{Heap before GC invocations=1 (full 0):
 garbage-first heap   total 129024K, used 83156K [0x0000000080000000, 0x0000000100000000)
  region size 1024K, 75 young (76800K), 3 survivors (3072K)
 Metaspace       used 17463K, capacity 17843K, committed 18048K, reserved 1064960K
  class space    used 2029K, capacity 2145K, committed 2176K, reserved 1048576K
}
Event: 1.478 GC heap after
{Heap after GC invocations=2 (full 0):
 garbage-first heap   total 129024K, used 16077K [0x0000000080000000, 0x0000000100000000)
  region size 1024K, 10 young (10240K), 10 survivors (10240K)
 Metaspace       used 17463K, capacity 17843K, committed 18048K, reserved 1064960K
  class space    used 2029K, capacity 2145K, committed 2176K, reserved 1048576K
}
Event: 1.692 GC heap before
{Heap before GC invocations=2 (full 0):
 garbage-first heap   total 129024K, used 45773K [0x0000000080000000, 0x0000000100000000)
  region size 1024K, 40 young (40960K), 10 survivors (10240K)
 Metaspace       used 20779K, capacity 21189K, committed 21296K, reserved 1069056K
  class space    used 2524K, capacity 2688K, committed 2688K, reserved 1048576K
}
Event: 1.697 GC heap after
{Heap after GC invocations=3 (full 0):
 garbage-first heap   total 129024K, used 17593K [0x0000000080000000, 0x0000000100000000)
  region size 1024K, 2 young (2048K), 2 survivors (2048K)
 Metaspace       used 20779K, capacity 21189K, committed 21296K, reserved 1069056K
  class space    used 2524K, capacity 2688K, committed 2688K, reserved 1048576K
}
Event: 2.308 GC heap before
{Heap before GC invocations=4 (full 0):
 garbage-first heap   total 129024K, used 78009K [0x0000000080000000, 0x0000000100000000)
  region size 1024K, 61 young (62464K), 2 survivors (2048K)
 Metaspace       used 26855K, capacity 27466K, committed 27520K, reserved 1073152K
  class space    used 3480K, capacity 3703K, committed 3712K, reserved 1048576K
}
Event: 2.311 GC heap after
{Heap after GC invocations=5 (full 0):
 garbage-first heap   total 129024K, used 19568K [0x0000000080000000, 0x0000000100000000)
  region size 1024K, 4 young (4096K), 4 survivors (4096K)
 Metaspace       used 26855K, capacity 27466K, committed 27520K, reserved 1073152K
  class space    used 3480K, capacity 3703K, committed 3712K, reserved 1048576K
}

Deoptimization events (20 events):
Event: 2.170 Thread 0x00000290d8b84800 DEOPT PACKING pc=0x00000290c72e469c sp=0x000000a945ffb680
Event: 2.170 Thread 0x00000290d8b84800 DEOPT UNPACKING pc=0x00000290bf73a1af sp=0x000000a945ffb610 mode 2
Event: 2.184 Thread 0x00000290d8b84800 Uncommon trap: trap_request=0xffffff4d fr.pc=0x00000290c72677f4 relative=0x0000000000001434
Event: 2.184 Thread 0x00000290d8b84800 Uncommon trap: reason=unstable_if action=reinterpret pc=0x00000290c72677f4 method=java.util.concurrent.ConcurrentHashMap.putVal(Ljava/lang/Object;Ljava/lang/Object;Z)Ljava/lang/Object; @ 231 c2
Event: 2.184 Thread 0x00000290d8b84800 DEOPT PACKING pc=0x00000290c72677f4 sp=0x000000a945ffc8e0
Event: 2.184 Thread 0x00000290d8b84800 DEOPT UNPACKING pc=0x00000290bf73a1af sp=0x000000a945ffc860 mode 2
Event: 2.438 Thread 0x00000290d8b84800 Uncommon trap: trap_request=0xffffff4d fr.pc=0x00000290c72b39cc relative=0x000000000000020c
Event: 2.438 Thread 0x00000290d8b84800 Uncommon trap: reason=unstable_if action=reinterpret pc=0x00000290c72b39cc method=java.util.HashMap.hash(Ljava/lang/Object;)I @ 1 c2
Event: 2.438 Thread 0x00000290d8b84800 DEOPT PACKING pc=0x00000290c72b39cc sp=0x000000a945ff7b10
Event: 2.438 Thread 0x00000290d8b84800 DEOPT UNPACKING pc=0x00000290bf73a1af sp=0x000000a945ff7a48 mode 2
Event: 2.438 Thread 0x00000290d8b84800 Uncommon trap: trap_request=0xffffff4d fr.pc=0x00000290c71d972c relative=0x000000000000008c
Event: 2.438 Thread 0x00000290d8b84800 Uncommon trap: reason=unstable_if action=reinterpret pc=0x00000290c71d972c method=java.util.HashMap.hash(Ljava/lang/Object;)I @ 1 c2
Event: 2.438 Thread 0x00000290d8b84800 DEOPT PACKING pc=0x00000290c71d972c sp=0x000000a945ff7880
Event: 2.438 Thread 0x00000290d8b84800 DEOPT UNPACKING pc=0x00000290bf73a1af sp=0x000000a945ff7818 mode 2
Event: 2.580 Thread 0x00000290d8b84800 DEOPT PACKING pc=0x00000290c008ad79 sp=0x000000a945ff79e0
Event: 2.580 Thread 0x00000290d8b84800 DEOPT UNPACKING pc=0x00000290bf73a95e sp=0x000000a945ff6f28 mode 0
Event: 2.726 Thread 0x00000290d8b84800 Uncommon trap: trap_request=0xffffff4d fr.pc=0x00000290c72c4f50 relative=0x00000000000001f0
Event: 2.726 Thread 0x00000290d8b84800 Uncommon trap: reason=unstable_if action=reinterpret pc=0x00000290c72c4f50 method=java.util.HashMap.putVal(ILjava/lang/Object;Ljava/lang/Object;ZZ)Ljava/lang/Object; @ 162 c2
Event: 2.726 Thread 0x00000290d8b84800 DEOPT PACKING pc=0x00000290c72c4f50 sp=0x000000a945ffa450
Event: 2.726 Thread 0x00000290d8b84800 DEOPT UNPACKING pc=0x00000290bf73a1af sp=0x000000a945ffa3d0 mode 2

Classes redefined (0 events):
No events

Internal exceptions (20 events):
Event: 1.985 Thread 0x00000290d8b84800 Exception <a 'java/lang/NoSuchMethodError'{0x0000000086030758}: 'java.lang.Object java.lang.invoke.DirectMethodHandle$Holder.invokeVirtual(java.lang.Object, java.lang.Object, java.lang.Object, java.lang.Object, java.lang.Object, java.lang.Object, java.lang.Object, java.lang.Object, java.lang.Object, java.lang.Object, java.lang.Object, java.lang.Object, java.lang.Object, java.lang.Object, java.lang.Object, java.lang.Object, java.lang.Object, java.lang.Object, java.lang.Object, java.lang.Object, java.lang.Ob
Event: 2.051 Thread 0x00000290d8b84800 Exception <a 'java/lang/NoSuchMethodError'{0x0000000085669878}: 'int java.lang.invoke.DirectMethodHandle$Holder.invokeStaticInit(java.lang.Object, java.lang.Object, java.lang.Object)'> (0x0000000085669878) thrown at [./src/hotspot/share/interpreter/linkResolver.cpp, line 773]
Event: 2.111 Thread 0x00000290d8b84800 Exception <a 'java/lang/NoSuchMethodError'{0x00000000852f72e8}: 'void java.lang.invoke.DirectMethodHandle$Holder.invokeStaticInit(java.lang.Object, java.lang.Object)'> (0x00000000852f72e8) thrown at [./src/hotspot/share/interpreter/linkResolver.cpp, line 773]
Event: 2.200 Thread 0x00000290d8b84800 Exception <a 'java/lang/NoSuchMethodError'{0x0000000084c71760}: 'void java.lang.invoke.DirectMethodHandle$Holder.invokeStatic(java.lang.Object, java.lang.Object, java.lang.Object, java.lang.Object)'> (0x0000000084c71760) thrown at [./src/hotspot/share/interpreter/linkResolver.cpp, line 773]
Event: 2.203 Thread 0x00000290d8b84800 Exception <a 'java/lang/NoSuchMethodError'{0x0000000084cc3078}: 'int java.lang.invoke.DirectMethodHandle$Holder.invokeVirtual(java.lang.Object, java.lang.Object)'> (0x0000000084cc3078) thrown at [./src/hotspot/share/interpreter/linkResolver.cpp, line 773]
Event: 2.205 Thread 0x00000290d8b84800 Exception <a 'java/lang/NoSuchMethodError'{0x0000000084cdbbc8}: 'java.lang.Object java.lang.invoke.DirectMethodHandle$Holder.invokeVirtual(java.lang.Object, java.lang.Object, java.lang.Object)'> (0x0000000084cdbbc8) thrown at [./src/hotspot/share/interpreter/linkResolver.cpp, line 773]
Event: 2.209 Thread 0x00000290d8b84800 Exception <a 'java/lang/NoSuchMethodError'{0x0000000084b08708}: 'int java.lang.invoke.DirectMethodHandle$Holder.invokeVirtual(java.lang.Object, java.lang.Object, java.lang.Object)'> (0x0000000084b08708) thrown at [./src/hotspot/share/interpreter/linkResolver.cpp, line 773]
Event: 2.234 Thread 0x00000290d8b84800 Exception <a 'java/lang/NoSuchMethodError'{0x0000000084ad00d0}: 'void java.lang.invoke.DirectMethodHandle$Holder.invokeSpecial(java.lang.Object, java.lang.Object)'> (0x0000000084ad00d0) thrown at [./src/hotspot/share/interpreter/linkResolver.cpp, line 773]
Event: 2.357 Thread 0x00000290d8b84800 Exception <a 'java/lang/NoSuchMethodError'{0x000000008787d2e8}: 'java.lang.Object java.lang.invoke.DirectMethodHandle$Holder.invokeSpecialIFC(java.lang.Object, java.lang.Object, java.lang.Object, java.lang.Object)'> (0x000000008787d2e8) thrown at [./src/hotspot/share/interpreter/linkResolver.cpp, line 773]
Event: 2.438 Thread 0x00000290d8b84800 Implicit null exception at 0x00000290c72b37f5 to 0x00000290c72b39bc
Event: 2.438 Thread 0x00000290d8b84800 Implicit null exception at 0x00000290c71d96af to 0x00000290c71d971d
Event: 2.472 Thread 0x00000290d8b84800 Exception <a 'java/lang/NoSuchMethodError'{0x0000000086ed6318}: 'java.lang.Object java.lang.invoke.DirectMethodHandle$Holder.invokeSpecial(java.lang.Object, java.lang.Object, java.lang.Object, java.lang.Object, java.lang.Object, java.lang.Object, java.lang.Object, java.lang.Object, java.lang.Object, java.lang.Object, java.lang.Object, java.lang.Object, java.lang.Object)'> (0x0000000086ed6318) thrown at [./src/hotspot/share/interpreter/linkResolver.cpp, line 773]
Event: 2.472 Thread 0x00000290d8b84800 Exception <a 'java/lang/NoSuchMethodError'{0x0000000086ee7420}: 'java.lang.Object java.lang.invoke.DirectMethodHandle$Holder.invokeSpecial(java.lang.Object, java.lang.Object, java.lang.Object, java.lang.Object, java.lang.Object, java.lang.Object, java.lang.Object, java.lang.Object, java.lang.Object, java.lang.Object, java.lang.Object, java.lang.Object)'> (0x0000000086ee7420) thrown at [./src/hotspot/share/interpreter/linkResolver.cpp, line 773]
Event: 2.473 Thread 0x00000290d8b84800 Exception <a 'java/lang/NoSuchMethodError'{0x0000000086eec7f0}: 'java.lang.Object java.lang.invoke.Invokers$Holder.linkToTargetMethod(java.lang.Object, java.lang.Object, java.lang.Object, java.lang.Object, java.lang.Object, java.lang.Object, java.lang.Object, java.lang.Object, java.lang.Object, java.lang.Object, java.lang.Object)'> (0x0000000086eec7f0) thrown at [./src/hotspot/share/interpreter/linkResolver.cpp, line 773]
Event: 2.478 Thread 0x00000290d8b84800 Exception <a 'java/lang/NoSuchMethodError'{0x0000000086d86128}: 'java.lang.Object java.lang.invoke.DirectMethodHandle$Holder.invokeSpecial(java.lang.Object, java.lang.Object, java.lang.Object, java.lang.Object, java.lang.Object, java.lang.Object, java.lang.Object, java.lang.Object, java.lang.Object, java.lang.Object, java.lang.Object, java.lang.Object, java.lang.Object, java.lang.Object)'> (0x0000000086d86128) thrown at [./src/hotspot/share/interpreter/linkResolver.cpp, line 773]
Event: 2.479 Thread 0x00000290d8b84800 Exception <a 'java/lang/NoSuchMethodError'{0x0000000086d97a48}: 'java.lang.Object java.lang.invoke.Invokers$Holder.linkToTargetMethod(java.lang.Object, java.lang.Object, java.lang.Object, java.lang.Object, java.lang.Object, java.lang.Object, java.lang.Object, java.lang.Object, java.lang.Object, java.lang.Object, java.lang.Object, java.lang.Object)'> (0x0000000086d97a48) thrown at [./src/hotspot/share/interpreter/linkResolver.cpp, line 773]
Event: 2.492 Thread 0x00000290d8b84800 Exception <a 'java/lang/NoSuchMethodError'{0x0000000086c7de08}: 'java.lang.Object java.lang.invoke.DirectMethodHandle$Holder.invokeStaticInit(java.lang.Object, java.lang.Object, java.lang.Object, java.lang.Object)'> (0x0000000086c7de08) thrown at [./src/hotspot/share/interpreter/linkResolver.cpp, line 773]
Event: 2.578 Thread 0x00000290d8b84800 Exception <a 'java/lang/NoSuchMethodError'{0x000000008631efc0}: 'java.lang.Object java.lang.invoke.Invokers$Holder.linkToTargetMethod(java.lang.Object, java.lang.Object, java.lang.Object, java.lang.Object, java.lang.Object, java.lang.Object, java.lang.Object, java.lang.Object)'> (0x000000008631efc0) thrown at [./src/hotspot/share/interpreter/linkResolver.cpp, line 773]
Event: 2.580 Thread 0x00000290d8b84800 Exception <a 'java/lang/NoSuchMethodError'{0x0000000086375df8}: 'java.lang.Object java.lang.invoke.Invokers$Holder.linkToTargetMethod(java.lang.Object, java.lang.Object, java.lang.Object, java.lang.Object, java.lang.Object, java.lang.Object, java.lang.Object)'> (0x0000000086375df8) thrown at [./src/hotspot/share/interpreter/linkResolver.cpp, line 773]
Event: 2.583 Thread 0x00000290d8b84800 Exception <a 'java/lang/IncompatibleClassChangeError'{0x00000000863ca9e8}: Found class java.lang.Object, but interface was expected> (0x00000000863ca9e8) thrown at [./src/hotspot/share/interpreter/linkResolver.cpp, line 839]

Events (20 events):
Event: 2.808 loading class org/gradle/api/reflect/TypeOf$1
Event: 2.808 loading class org/gradle/api/reflect/TypeOf$1 done
Event: 2.809 loading class org/gradle/internal/extensibility/DefaultConvention$ExtensionsDynamicObject
Event: 2.809 loading class org/gradle/internal/extensibility/DefaultConvention$ExtensionsDynamicObject done
Event: 2.809 loading class org/gradle/internal/extensibility/ExtensionsStorage
Event: 2.809 loading class org/gradle/internal/extensibility/ExtensionsStorage done
Event: 2.809 loading class org/gradle/internal/extensibility/DefaultExtraPropertiesExtension
Event: 2.809 loading class org/gradle/internal/extensibility/DefaultExtraPropertiesExtension done
Event: 2.810 loading class org/gradle/api/plugins/ExtraPropertiesExtension$UnknownPropertyException
Event: 2.810 loading class org/gradle/api/plugins/ExtraPropertiesExtension$UnknownPropertyException done
Event: 2.810 loading class org/codehaus/groovy/runtime/InvokerHelper
Event: 2.810 loading class org/codehaus/groovy/runtime/InvokerHelper done
Event: 2.814 loading class org/apache/groovy/io/StringBuilderWriter
Event: 2.814 loading class org/apache/groovy/io/StringBuilderWriter done
Event: 2.815 loading class org/codehaus/groovy/runtime/powerassert/PowerAssertionError
Event: 2.815 loading class org/codehaus/groovy/runtime/powerassert/PowerAssertionError done
Event: 2.815 loading class groovy/lang/SpreadMapEvaluatingException
Event: 2.815 loading class groovy/lang/SpreadMapEvaluatingException done
Event: 2.816 loading class org/codehaus/groovy/runtime/MethodClosure
Event: 2.816 loading class org/codehaus/groovy/runtime/MethodClosure done


Dynamic libraries:
0x00007ff716150000 - 0x00007ff71615a000 	C:\Program Files\Android\Android Studio\jre\bin\java.exe
0x00007ffc5df50000 - 0x00007ffc5e148000 	C:\Windows\SYSTEM32\ntdll.dll
0x00007ffc5c900000 - 0x00007ffc5c9bf000 	C:\Windows\System32\KERNEL32.DLL
0x00007ffc5b920000 - 0x00007ffc5bbf2000 	C:\Windows\System32\KERNELBASE.dll
0x00007ffc5b6c0000 - 0x00007ffc5b7c0000 	C:\Windows\System32\ucrtbase.dll
0x00007ffc3e270000 - 0x00007ffc3e289000 	C:\Program Files\Android\Android Studio\jre\bin\jli.dll
0x00007ffc3e250000 - 0x00007ffc3e267000 	C:\Program Files\Android\Android Studio\jre\bin\VCRUNTIME140.dll
0x00007ffc5d180000 - 0x00007ffc5d31d000 	C:\Windows\System32\USER32.dll
0x00007ffc5bf70000 - 0x00007ffc5bf92000 	C:\Windows\System32\win32u.dll
0x00007ffc3e980000 - 0x00007ffc3ec1a000 	C:\Windows\WinSxS\amd64_microsoft.windows.common-controls_6595b64144ccf1df_6.0.19041.1110_none_60b5254171f9507e\COMCTL32.dll
0x00007ffc5d380000 - 0x00007ffc5d3ab000 	C:\Windows\System32\GDI32.dll
0x00007ffc5c290000 - 0x00007ffc5c32e000 	C:\Windows\System32\msvcrt.dll
0x00007ffc5bc00000 - 0x00007ffc5bd0f000 	C:\Windows\System32\gdi32full.dll
0x00007ffc5bd10000 - 0x00007ffc5bdad000 	C:\Windows\System32\msvcp_win.dll
0x00007ffc5cf90000 - 0x00007ffc5cfc2000 	C:\Windows\System32\IMM32.DLL
0x00007ffc329d0000 - 0x00007ffc32a6d000 	C:\Program Files\Android\Android Studio\jre\bin\msvcp140.dll
0x00007ffc11910000 - 0x00007ffc12412000 	C:\Program Files\Android\Android Studio\jre\bin\server\jvm.dll
0x00007ffc5c330000 - 0x00007ffc5c3de000 	C:\Windows\System32\ADVAPI32.dll
0x00007ffc5cfd0000 - 0x00007ffc5d06c000 	C:\Windows\System32\sechost.dll
0x00007ffc5dde0000 - 0x00007ffc5df05000 	C:\Windows\System32\RPCRT4.dll
0x00007ffc5d5f0000 - 0x00007ffc5d5f8000 	C:\Windows\System32\PSAPI.DLL
0x00007ffc451c0000 - 0x00007ffc451c9000 	C:\Windows\SYSTEM32\WSOCK32.dll
0x00007ffc3de50000 - 0x00007ffc3de77000 	C:\Windows\SYSTEM32\WINMM.dll
0x00007ffc55020000 - 0x00007ffc5502a000 	C:\Windows\SYSTEM32\VERSION.dll
0x00007ffc5d4d0000 - 0x00007ffc5d53b000 	C:\Windows\System32\WS2_32.dll
0x00007ffc59ea0000 - 0x00007ffc59eb2000 	C:\Windows\SYSTEM32\kernel.appcore.dll
0x00007ffc56080000 - 0x00007ffc56091000 	C:\Program Files\Android\Android Studio\jre\bin\verify.dll
0x00007ffc59410000 - 0x00007ffc595f4000 	C:\Windows\SYSTEM32\DBGHELP.DLL
0x00007ffc48550000 - 0x00007ffc4857c000 	C:\Windows\SYSTEM32\dbgcore.DLL
0x00007ffc5beb0000 - 0x00007ffc5bf32000 	C:\Windows\System32\bcryptPrimitives.dll
0x00007ffc56050000 - 0x00007ffc56079000 	C:\Program Files\Android\Android Studio\jre\bin\java.dll
0x00007ffc56ed0000 - 0x00007ffc56edb000 	C:\Program Files\Android\Android Studio\jre\bin\jimage.dll
0x00007ffc54a80000 - 0x00007ffc54a98000 	C:\Program Files\Android\Android Studio\jre\bin\zip.dll
0x00007ffc5d690000 - 0x00007ffc5ddd3000 	C:\Windows\System32\SHELL32.dll
0x00007ffc596f0000 - 0x00007ffc59e82000 	C:\Windows\SYSTEM32\windows.storage.dll
0x00007ffc5caf0000 - 0x00007ffc5ce44000 	C:\Windows\System32\combase.dll
0x00007ffc5b0b0000 - 0x00007ffc5b0e0000 	C:\Windows\SYSTEM32\Wldp.dll
0x00007ffc5c3e0000 - 0x00007ffc5c48d000 	C:\Windows\System32\SHCORE.dll
0x00007ffc5c230000 - 0x00007ffc5c285000 	C:\Windows\System32\shlwapi.dll
0x00007ffc5b590000 - 0x00007ffc5b5af000 	C:\Windows\SYSTEM32\profapi.dll
0x00007ffc54a60000 - 0x00007ffc54a7a000 	C:\Program Files\Android\Android Studio\jre\bin\net.dll
0x00007ffc4ca00000 - 0x00007ffc4cb0c000 	C:\Windows\SYSTEM32\WINHTTP.dll
0x00007ffc5ae10000 - 0x00007ffc5ae7a000 	C:\Windows\system32\mswsock.dll
0x00007ffc46bc0000 - 0x00007ffc46bd4000 	C:\Program Files\Android\Android Studio\jre\bin\nio.dll
0x00007ffc53fc0000 - 0x00007ffc53fe7000 	C:\Users\MOAD\.gradle\native\e1d6ef7f7dcc3fd88c89a11ec53ec762bb8ba0a96d01ffa2cd45eb1d1d8dd5c5\windows-amd64\native-platform.dll
0x00007ffc1b400000 - 0x00007ffc1b544000 	C:\Users\MOAD\.gradle\native\0d407fdbe67a94daf76414ababcb853783967236a71b16ec16e742cd7a986fd3\windows-amd64\native-platform-file-events.dll
0x00007ffc56100000 - 0x00007ffc5610a000 	C:\Program Files\Android\Android Studio\jre\bin\management.dll
0x00007ffc56040000 - 0x00007ffc5604d000 	C:\Program Files\Android\Android Studio\jre\bin\management_ext.dll
0x00007ffc5b000000 - 0x00007ffc5b018000 	C:\Windows\SYSTEM32\CRYPTSP.dll
0x00007ffc5a6c0000 - 0x00007ffc5a6f4000 	C:\Windows\system32\rsaenh.dll
0x00007ffc5bf40000 - 0x00007ffc5bf67000 	C:\Windows\System32\bcrypt.dll
0x00007ffc5b510000 - 0x00007ffc5b53e000 	C:\Windows\SYSTEM32\USERENV.dll
0x00007ffc5b020000 - 0x00007ffc5b02c000 	C:\Windows\SYSTEM32\CRYPTBASE.dll
0x00007ffc5aab0000 - 0x00007ffc5aaeb000 	C:\Windows\SYSTEM32\IPHLPAPI.DLL
0x00007ffc5d170000 - 0x00007ffc5d178000 	C:\Windows\System32\NSI.dll
0x00007ffc53df0000 - 0x00007ffc53e07000 	C:\Windows\SYSTEM32\dhcpcsvc6.DLL
0x00007ffc53ee0000 - 0x00007ffc53efd000 	C:\Windows\SYSTEM32\dhcpcsvc.DLL
0x00007ffc5ab00000 - 0x00007ffc5abca000 	C:\Windows\SYSTEM32\DNSAPI.dll

dbghelp: loaded successfully - version: 4.0.5 - missing functions: none
symbol engine: initialized successfully - sym options: 0x614 - pdb path: .;C:\Program Files\Android\Android Studio\jre\bin;C:\Windows\SYSTEM32;C:\Windows\WinSxS\amd64_microsoft.windows.common-controls_6595b64144ccf1df_6.0.19041.1110_none_60b5254171f9507e;C:\Program Files\Android\Android Studio\jre\bin\server;C:\Users\MOAD\.gradle\native\e1d6ef7f7dcc3fd88c89a11ec53ec762bb8ba0a96d01ffa2cd45eb1d1d8dd5c5\windows-amd64;C:\Users\MOAD\.gradle\native\0d407fdbe67a94daf76414ababcb853783967236a71b16ec16e742cd7a986fd3\windows-amd64

VM Arguments:
jvm_args: --add-opens=java.base/java.util=ALL-UNNAMED --add-opens=java.base/java.lang=ALL-UNNAMED --add-opens=java.base/java.lang.invoke=ALL-UNNAMED --add-opens=java.base/java.util=ALL-UNNAMED --add-opens=java.prefs/java.util.prefs=ALL-UNNAMED --add-opens=java.prefs/java.util.prefs=ALL-UNNAMED --add-opens=java.base/java.nio.charset=ALL-UNNAMED --add-opens=java.base/java.net=ALL-UNNAMED --add-opens=java.base/java.util.concurrent.atomic=ALL-UNNAMED -Xmx2048m -Dfile.encoding=UTF-8 -Duser.country=US -Duser.language=en -Duser.variant 
java_command: org.gradle.launcher.daemon.bootstrap.GradleDaemon 7.4
java_class_path (initial): C:\Users\MOAD\.gradle\wrapper\dists\gradle-7.4-bin\c0gwcg53nkjbqw7r0h0umtfvt\gradle-7.4\lib\gradle-launcher-7.4.jar
Launcher Type: SUN_STANDARD

[Global flags]
     intx CICompilerCount                          = 4                                         {product} {ergonomic}
     uint ConcGCThreads                            = 2                                         {product} {ergonomic}
     uint G1ConcRefinementThreads                  = 8                                         {product} {ergonomic}
   size_t G1HeapRegionSize                         = 1048576                                   {product} {ergonomic}
    uintx GCDrainStackTargetSize                   = 64                                        {product} {ergonomic}
   size_t InitialHeapSize                          = 132120576                                 {product} {ergonomic}
   size_t MarkStackSize                            = 4194304                                   {product} {ergonomic}
   size_t MaxHeapSize                              = 2147483648                                {product} {command line}
   size_t MaxNewSize                               = 1287651328                                {product} {ergonomic}
   size_t MinHeapDeltaBytes                        = 1048576                                   {product} {ergonomic}
    uintx NonNMethodCodeHeapSize                   = 5836300                                {pd product} {ergonomic}
    uintx NonProfiledCodeHeapSize                  = 122910970                              {pd product} {ergonomic}
    uintx ProfiledCodeHeapSize                     = 122910970                              {pd product} {ergonomic}
    uintx ReservedCodeCacheSize                    = 251658240                              {pd product} {ergonomic}
     bool SegmentedCodeCache                       = true                                      {product} {ergonomic}
     bool UseCompressedClassPointers               = true                                 {lp64_product} {ergonomic}
     bool UseCompressedOops                        = true                                 {lp64_product} {ergonomic}
     bool UseG1GC                                  = true                                      {product} {ergonomic}
     bool UseLargePagesIndividualAllocation        = false                                  {pd product} {ergonomic}

Logging:
Log output configuration:
 #0: stdout all=warning uptime,level,tags
 #1: stderr all=off uptime,level,tags

Environment Variables:
PATH=C:\Program Files (x86)\Common Files\Oracle\Java\javapath;C:\Windows\system32;C:\Windows;C:\Windows\System32\Wbem;C:\Windows\System32\WindowsPowerShell\v1.0\;C:\Windows\System32\OpenSSH\;C:\Program Files (x86)\NVIDIA Corporation\PhysX\Common;C:\Program Files\NVIDIA Corporation\NVIDIA NvDLISR;C:\Users\MOAD\AppData\Local\Microsoft\WindowsApps;C:\Users\MOAD\AppData\Local\Programs\Microsoft VS Code\bin;C:\Users\MOAD\AppData\Local\GitHubDesktop\bin;C:\flutter\bin;C:\Users\MOAD\AppData\Local\Android\Sdk\platform-tools;
USERNAME=MOAD
OS=Windows_NT
PROCESSOR_IDENTIFIER=Intel64 Family 6 Model 165 Stepping 2, GenuineIntel



---------------  S Y S T E M  ---------------

OS: Windows 10 , 64 bit Build 19041 (10.0.19041.2251)
OS uptime: 0 days 0:02 hours

CPU:total 8 (initial active 8) (4 cores per cpu, 2 threads per core) family 6 model 165 stepping 2 microcode 0xe2, cmov, cx8, fxsr, mmx, sse, sse2, sse3, ssse3, sse4.1, sse4.2, popcnt, avx, avx2, aes, clmul, erms, 3dnowpref, lzcnt, ht, tsc, tscinvbit, bmi1, bmi2, adx, fma

Memory: 4k page, system-wide physical 8059M (1427M free)
TotalPageFile size 8059M (AvailPageFile size 0M)
current process WorkingSet (physical memory assigned to process): 232M, peak: 234M
current process commit charge ("private bytes"): 298M, peak: 301M

vm_info: OpenJDK 64-Bit Server VM (11.0.13+0-b1751.21-8125866) for windows-amd64 JRE (11.0.13+0-b1751.21-8125866), built on Feb  2 2022 03:00:22 by "builder" with MS VC++ 14.0 (VS2015)

END.
